<?xml version="1.0" encoding="UTF-8"?>
<!-- Generated by org.testng.reporters.JUnitXMLReporter -->
<testsuite ignored="0" hostname="3Q6AKPMTBB7X3XT" failures="1" tests="24" name="这些是测试模块" time="2.759" errors="0" timestamp="2020-05-12T15:17:21 CST">
  <testcase classname="APItest.test_DemoApi" name="testSend" time="0.361"/>
  <testcase classname="APItest.test_DemoApi" name="testSend" time="0.331">
    <failure type="java.lang.AssertionError" message="expected [ERROR] but found [SUCCESS]">
      <![CDATA[java.lang.AssertionError: expected [ERROR] but found [SUCCESS]
at APItest.test_DemoApi.testSend(test_DemoApi.java:42)
at java.base/java.util.ArrayList.forEach(ArrayList.java:1378)
... Removed 32 stack frames]]>
    </failure>
  </testcase> <!-- testSend -->
  <testcase classname="APItest.test_DemoApi" name="testSend" time="0.918"/>
  <testcase classname="APItest.test_DemoApi" name="testSend" time="0.031"/>
  <testcase classname="APItest.test_DemoApi" name="testSend" time="0.022"/>
  <testcase classname="APItest.test_DemoApi" name="testSend" time="0.018"/>
  <testcase classname="APItest.test_DemoApi" name="testSend" time="0.016"/>
  <testcase classname="APItest.test_DemoApi" name="testSend" time="0.016"/>
  <testcase classname="APItest.test_DemoApi" name="testSend" time="0.027"/>
  <testcase classname="APItest.test_DemoApi" name="testSend" time="0.018"/>
  <testcase classname="APItest.test_DemoApi" name="testSend" time="0.019"/>
  <testcase classname="APItest.test_DemoApi" name="testSend" time="0.017"/>
  <testcase classname="APItest.test_DemoApi" name="testSend" time="0.016"/>
  <testcase classname="APItest.test_DemoApi" name="testSend" time="0.016"/>
  <testcase classname="APItest.test_DemoApi" name="testSend" time="0.018"/>
  <testcase classname="APItest.test_DemoApi" name="testSend" time="0.015"/>
  <testcase classname="APItest.test_DemoApi" name="testSend" time="0.017"/>
  <testcase classname="APItest.test_DemoApi" name="testSend" time="0.017"/>
  <testcase classname="APItest.test_DemoApi" name="testSend" time="0.013"/>
  <testcase classname="APItest.test_DemoApi" name="testSend" time="0.015"/>
  <testcase classname="APItest.test_DemoApi" name="testSend" time="0.016"/>
  <testcase classname="APItest.test_DemoApi" name="testSend" time="0.015"/>
  <testcase classname="APItest.test_DemoApi" name="testSend" time="0.016"/>
  <testcase classname="APItest.test_DemoApi" name="testSend" time="0.015"/>
</testsuite> <!-- 这些是测试模块 -->
